2023-09-08 12:32:33 [ERROR] django.request Internal Server Error: /reserva/listarreservas/
Traceback (most recent call last):
  File "/home/vlopez/Documents/Desarrollo/agenda/entorno/lib/python3.9/site-packages/django/core/handlers/exception.py", line 55, in inner
    response = get_response(request)
  File "/home/vlopez/Documents/Desarrollo/agenda/entorno/lib/python3.9/site-packages/django/core/handlers/base.py", line 197, in _get_response
    response = wrapped_callback(request, *callback_args, **callback_kwargs)
  File "/home/vlopez/Documents/Desarrollo/agenda/agenda/reserva/views.py", line 143, in listar_reservas
    return render(request, "reserva/edit_reserva.html", context)
  File "/home/vlopez/Documents/Desarrollo/agenda/entorno/lib/python3.9/site-packages/django/shortcuts.py", line 24, in render
    content = loader.render_to_string(template_name, context, request, using=using)
  File "/home/vlopez/Documents/Desarrollo/agenda/entorno/lib/python3.9/site-packages/django/template/loader.py", line 62, in render_to_string
    return template.render(context, request)
  File "/home/vlopez/Documents/Desarrollo/agenda/entorno/lib/python3.9/site-packages/django/template/backends/django.py", line 62, in render
    return self.template.render(context)
  File "/home/vlopez/Documents/Desarrollo/agenda/entorno/lib/python3.9/site-packages/django/template/base.py", line 175, in render
    return self._render(context)
  File "/home/vlopez/Documents/Desarrollo/agenda/entorno/lib/python3.9/site-packages/django/template/base.py", line 167, in _render
    return self.nodelist.render(context)
  File "/home/vlopez/Documents/Desarrollo/agenda/entorno/lib/python3.9/site-packages/django/template/base.py", line 1005, in render
    return SafeString("".join([node.render_annotated(context) for node in self]))
  File "/home/vlopez/Documents/Desarrollo/agenda/entorno/lib/python3.9/site-packages/django/template/base.py", line 1005, in <listcomp>
    return SafeString("".join([node.render_annotated(context) for node in self]))
  File "/home/vlopez/Documents/Desarrollo/agenda/entorno/lib/python3.9/site-packages/django/template/base.py", line 966, in render_annotated
    return self.render(context)
  File "/home/vlopez/Documents/Desarrollo/agenda/entorno/lib/python3.9/site-packages/django/template/loader_tags.py", line 157, in render
    return compiled_parent._render(context)
  File "/home/vlopez/Documents/Desarrollo/agenda/entorno/lib/python3.9/site-packages/django/template/base.py", line 167, in _render
    return self.nodelist.render(context)
  File "/home/vlopez/Documents/Desarrollo/agenda/entorno/lib/python3.9/site-packages/django/template/base.py", line 1005, in render
    return SafeString("".join([node.render_annotated(context) for node in self]))
  File "/home/vlopez/Documents/Desarrollo/agenda/entorno/lib/python3.9/site-packages/django/template/base.py", line 1005, in <listcomp>
    return SafeString("".join([node.render_annotated(context) for node in self]))
  File "/home/vlopez/Documents/Desarrollo/agenda/entorno/lib/python3.9/site-packages/django/template/base.py", line 966, in render_annotated
    return self.render(context)
  File "/home/vlopez/Documents/Desarrollo/agenda/entorno/lib/python3.9/site-packages/django/template/loader_tags.py", line 63, in render
    result = block.nodelist.render(context)
  File "/home/vlopez/Documents/Desarrollo/agenda/entorno/lib/python3.9/site-packages/django/template/base.py", line 1005, in render
    return SafeString("".join([node.render_annotated(context) for node in self]))
  File "/home/vlopez/Documents/Desarrollo/agenda/entorno/lib/python3.9/site-packages/django/template/base.py", line 1005, in <listcomp>
    return SafeString("".join([node.render_annotated(context) for node in self]))
  File "/home/vlopez/Documents/Desarrollo/agenda/entorno/lib/python3.9/site-packages/django/template/base.py", line 966, in render_annotated
    return self.render(context)
  File "/home/vlopez/Documents/Desarrollo/agenda/entorno/lib/python3.9/site-packages/django/template/defaulttags.py", line 472, in render
    url = reverse(view_name, args=args, kwargs=kwargs, current_app=current_app)
  File "/home/vlopez/Documents/Desarrollo/agenda/entorno/lib/python3.9/site-packages/django/urls/base.py", line 88, in reverse
    return resolver._reverse_with_prefix(view, prefix, *args, **kwargs)
  File "/home/vlopez/Documents/Desarrollo/agenda/entorno/lib/python3.9/site-packages/django/urls/resolvers.py", line 828, in _reverse_with_prefix
    raise NoReverseMatch(msg)
django.urls.exceptions.NoReverseMatch: Reverse for 'delete_reserva' with arguments '('',)' not found. 1 pattern(s) tried: ['reserva/delete_reserva/(?P<id>[0-9]+)/\\Z']
2023-09-08 12:32:33 [ERROR] django.server "GET /reserva/listarreservas/ HTTP/1.1" 500 186175
2023-09-08 12:54:53 [ERROR] django.request Internal Server Error: /reserva/listarreservas/
Traceback (most recent call last):
  File "/home/vlopez/Documents/Desarrollo/agenda/entorno/lib/python3.9/site-packages/django/core/handlers/exception.py", line 55, in inner
    response = get_response(request)
  File "/home/vlopez/Documents/Desarrollo/agenda/entorno/lib/python3.9/site-packages/django/core/handlers/base.py", line 197, in _get_response
    response = wrapped_callback(request, *callback_args, **callback_kwargs)
  File "/home/vlopez/Documents/Desarrollo/agenda/agenda/reserva/views.py", line 143, in listar_reservas
    return render(request, "reserva/edit_reserva.html", context)
  File "/home/vlopez/Documents/Desarrollo/agenda/entorno/lib/python3.9/site-packages/django/shortcuts.py", line 24, in render
    content = loader.render_to_string(template_name, context, request, using=using)
  File "/home/vlopez/Documents/Desarrollo/agenda/entorno/lib/python3.9/site-packages/django/template/loader.py", line 62, in render_to_string
    return template.render(context, request)
  File "/home/vlopez/Documents/Desarrollo/agenda/entorno/lib/python3.9/site-packages/django/template/backends/django.py", line 62, in render
    return self.template.render(context)
  File "/home/vlopez/Documents/Desarrollo/agenda/entorno/lib/python3.9/site-packages/django/template/base.py", line 175, in render
    return self._render(context)
  File "/home/vlopez/Documents/Desarrollo/agenda/entorno/lib/python3.9/site-packages/django/template/base.py", line 167, in _render
    return self.nodelist.render(context)
  File "/home/vlopez/Documents/Desarrollo/agenda/entorno/lib/python3.9/site-packages/django/template/base.py", line 1005, in render
    return SafeString("".join([node.render_annotated(context) for node in self]))
  File "/home/vlopez/Documents/Desarrollo/agenda/entorno/lib/python3.9/site-packages/django/template/base.py", line 1005, in <listcomp>
    return SafeString("".join([node.render_annotated(context) for node in self]))
  File "/home/vlopez/Documents/Desarrollo/agenda/entorno/lib/python3.9/site-packages/django/template/base.py", line 966, in render_annotated
    return self.render(context)
  File "/home/vlopez/Documents/Desarrollo/agenda/entorno/lib/python3.9/site-packages/django/template/loader_tags.py", line 157, in render
    return compiled_parent._render(context)
  File "/home/vlopez/Documents/Desarrollo/agenda/entorno/lib/python3.9/site-packages/django/template/base.py", line 167, in _render
    return self.nodelist.render(context)
  File "/home/vlopez/Documents/Desarrollo/agenda/entorno/lib/python3.9/site-packages/django/template/base.py", line 1005, in render
    return SafeString("".join([node.render_annotated(context) for node in self]))
  File "/home/vlopez/Documents/Desarrollo/agenda/entorno/lib/python3.9/site-packages/django/template/base.py", line 1005, in <listcomp>
    return SafeString("".join([node.render_annotated(context) for node in self]))
  File "/home/vlopez/Documents/Desarrollo/agenda/entorno/lib/python3.9/site-packages/django/template/base.py", line 966, in render_annotated
    return self.render(context)
  File "/home/vlopez/Documents/Desarrollo/agenda/entorno/lib/python3.9/site-packages/django/template/loader_tags.py", line 63, in render
    result = block.nodelist.render(context)
  File "/home/vlopez/Documents/Desarrollo/agenda/entorno/lib/python3.9/site-packages/django/template/base.py", line 1005, in render
    return SafeString("".join([node.render_annotated(context) for node in self]))
  File "/home/vlopez/Documents/Desarrollo/agenda/entorno/lib/python3.9/site-packages/django/template/base.py", line 1005, in <listcomp>
    return SafeString("".join([node.render_annotated(context) for node in self]))
  File "/home/vlopez/Documents/Desarrollo/agenda/entorno/lib/python3.9/site-packages/django/template/base.py", line 966, in render_annotated
    return self.render(context)
  File "/home/vlopez/Documents/Desarrollo/agenda/entorno/lib/python3.9/site-packages/django/template/defaulttags.py", line 238, in render
    nodelist.append(node.render_annotated(context))
  File "/home/vlopez/Documents/Desarrollo/agenda/entorno/lib/python3.9/site-packages/django/template/base.py", line 966, in render_annotated
    return self.render(context)
  File "/home/vlopez/Documents/Desarrollo/agenda/entorno/lib/python3.9/site-packages/django/template/defaulttags.py", line 472, in render
    url = reverse(view_name, args=args, kwargs=kwargs, current_app=current_app)
  File "/home/vlopez/Documents/Desarrollo/agenda/entorno/lib/python3.9/site-packages/django/urls/base.py", line 88, in reverse
    return resolver._reverse_with_prefix(view, prefix, *args, **kwargs)
  File "/home/vlopez/Documents/Desarrollo/agenda/entorno/lib/python3.9/site-packages/django/urls/resolvers.py", line 828, in _reverse_with_prefix
    raise NoReverseMatch(msg)
django.urls.exceptions.NoReverseMatch: Reverse for 'delete_reserva_all' with arguments '(294,)' not found. 1 pattern(s) tried: ['reserva/delete_reserva_all/\\Z']
2023-09-08 12:54:53 [ERROR] django.server "GET /reserva/listarreservas/ HTTP/1.1" 500 194687
2023-09-08 15:45:20 [ERROR] django.request Internal Server Error: /listarsalas/
Traceback (most recent call last):
  File "/home/vlopez/Documents/Desarrollo/agenda/entorno/lib/python3.9/site-packages/django/core/handlers/exception.py", line 55, in inner
    response = get_response(request)
  File "/home/vlopez/Documents/Desarrollo/agenda/entorno/lib/python3.9/site-packages/django/core/handlers/base.py", line 197, in _get_response
    response = wrapped_callback(request, *callback_args, **callback_kwargs)
  File "/home/vlopez/Documents/Desarrollo/agenda/entorno/lib/python3.9/site-packages/django/contrib/auth/decorators.py", line 23, in _wrapped_view
    return view_func(request, *args, **kwargs)
  File "/home/vlopez/Documents/Desarrollo/agenda/agenda/sala/views.py", line 70, in listar_salas
    return render(request, "sala/listar_salas.html", context)
  File "/home/vlopez/Documents/Desarrollo/agenda/entorno/lib/python3.9/site-packages/django/shortcuts.py", line 24, in render
    content = loader.render_to_string(template_name, context, request, using=using)
  File "/home/vlopez/Documents/Desarrollo/agenda/entorno/lib/python3.9/site-packages/django/template/loader.py", line 62, in render_to_string
    return template.render(context, request)
  File "/home/vlopez/Documents/Desarrollo/agenda/entorno/lib/python3.9/site-packages/django/template/backends/django.py", line 62, in render
    return self.template.render(context)
  File "/home/vlopez/Documents/Desarrollo/agenda/entorno/lib/python3.9/site-packages/django/template/base.py", line 175, in render
    return self._render(context)
  File "/home/vlopez/Documents/Desarrollo/agenda/entorno/lib/python3.9/site-packages/django/template/base.py", line 167, in _render
    return self.nodelist.render(context)
  File "/home/vlopez/Documents/Desarrollo/agenda/entorno/lib/python3.9/site-packages/django/template/base.py", line 1005, in render
    return SafeString("".join([node.render_annotated(context) for node in self]))
  File "/home/vlopez/Documents/Desarrollo/agenda/entorno/lib/python3.9/site-packages/django/template/base.py", line 1005, in <listcomp>
    return SafeString("".join([node.render_annotated(context) for node in self]))
  File "/home/vlopez/Documents/Desarrollo/agenda/entorno/lib/python3.9/site-packages/django/template/base.py", line 966, in render_annotated
    return self.render(context)
  File "/home/vlopez/Documents/Desarrollo/agenda/entorno/lib/python3.9/site-packages/django/template/loader_tags.py", line 157, in render
    return compiled_parent._render(context)
  File "/home/vlopez/Documents/Desarrollo/agenda/entorno/lib/python3.9/site-packages/django/template/base.py", line 167, in _render
    return self.nodelist.render(context)
  File "/home/vlopez/Documents/Desarrollo/agenda/entorno/lib/python3.9/site-packages/django/template/base.py", line 1005, in render
    return SafeString("".join([node.render_annotated(context) for node in self]))
  File "/home/vlopez/Documents/Desarrollo/agenda/entorno/lib/python3.9/site-packages/django/template/base.py", line 1005, in <listcomp>
    return SafeString("".join([node.render_annotated(context) for node in self]))
  File "/home/vlopez/Documents/Desarrollo/agenda/entorno/lib/python3.9/site-packages/django/template/base.py", line 966, in render_annotated
    return self.render(context)
  File "/home/vlopez/Documents/Desarrollo/agenda/entorno/lib/python3.9/site-packages/django/template/loader_tags.py", line 63, in render
    result = block.nodelist.render(context)
  File "/home/vlopez/Documents/Desarrollo/agenda/entorno/lib/python3.9/site-packages/django/template/base.py", line 1005, in render
    return SafeString("".join([node.render_annotated(context) for node in self]))
  File "/home/vlopez/Documents/Desarrollo/agenda/entorno/lib/python3.9/site-packages/django/template/base.py", line 1005, in <listcomp>
    return SafeString("".join([node.render_annotated(context) for node in self]))
  File "/home/vlopez/Documents/Desarrollo/agenda/entorno/lib/python3.9/site-packages/django/template/base.py", line 966, in render_annotated
    return self.render(context)
  File "/home/vlopez/Documents/Desarrollo/agenda/entorno/lib/python3.9/site-packages/django/template/defaulttags.py", line 194, in render
    len_values = len(values)
  File "/home/vlopez/Documents/Desarrollo/agenda/entorno/lib/python3.9/site-packages/django/core/paginator.py", line 177, in __len__
    return len(self.object_list)
  File "/home/vlopez/Documents/Desarrollo/agenda/entorno/lib/python3.9/site-packages/django/db/models/query.py", line 376, in __len__
    self._fetch_all()
  File "/home/vlopez/Documents/Desarrollo/agenda/entorno/lib/python3.9/site-packages/django/db/models/query.py", line 1867, in _fetch_all
    self._result_cache = list(self._iterable_class(self))
  File "/home/vlopez/Documents/Desarrollo/agenda/entorno/lib/python3.9/site-packages/django/db/models/query.py", line 87, in __iter__
    results = compiler.execute_sql(
  File "/home/vlopez/Documents/Desarrollo/agenda/entorno/lib/python3.9/site-packages/django/db/models/sql/compiler.py", line 1385, in execute_sql
    sql, params = self.as_sql()
  File "/home/vlopez/Documents/Desarrollo/agenda/entorno/lib/python3.9/site-packages/django/db/models/sql/compiler.py", line 593, in as_sql
    extra_select, order_by, group_by = self.pre_sql_setup()
  File "/home/vlopez/Documents/Desarrollo/agenda/entorno/lib/python3.9/site-packages/django/db/models/sql/compiler.py", line 71, in pre_sql_setup
    self.setup_query()
  File "/home/vlopez/Documents/Desarrollo/agenda/entorno/lib/python3.9/site-packages/django/db/models/sql/compiler.py", line 62, in setup_query
    self.select, self.klass_info, self.annotation_col_map = self.get_select()
  File "/home/vlopez/Documents/Desarrollo/agenda/entorno/lib/python3.9/site-packages/django/db/models/sql/compiler.py", line 278, in get_select
    related_klass_infos = self.get_related_selections(select)
  File "/home/vlopez/Documents/Desarrollo/agenda/entorno/lib/python3.9/site-packages/django/db/models/sql/compiler.py", line 1193, in get_related_selections
    raise FieldError(
django.core.exceptions.FieldError: Invalid field name(s) given in select_related: 'sala_id'. Choices are: (none)
2023-09-08 15:45:20 [ERROR] django.server "GET /listarsalas/ HTTP/1.1" 500 220510
2023-09-08 15:45:40 [ERROR] django.request Internal Server Error: /listarsalas/
Traceback (most recent call last):
  File "/home/vlopez/Documents/Desarrollo/agenda/entorno/lib/python3.9/site-packages/django/core/handlers/exception.py", line 55, in inner
    response = get_response(request)
  File "/home/vlopez/Documents/Desarrollo/agenda/entorno/lib/python3.9/site-packages/django/core/handlers/base.py", line 197, in _get_response
    response = wrapped_callback(request, *callback_args, **callback_kwargs)
  File "/home/vlopez/Documents/Desarrollo/agenda/entorno/lib/python3.9/site-packages/django/contrib/auth/decorators.py", line 23, in _wrapped_view
    return view_func(request, *args, **kwargs)
  File "/home/vlopez/Documents/Desarrollo/agenda/agenda/sala/views.py", line 70, in listar_salas
    return render(request, "sala/listar_salas.html", context)
  File "/home/vlopez/Documents/Desarrollo/agenda/entorno/lib/python3.9/site-packages/django/shortcuts.py", line 24, in render
    content = loader.render_to_string(template_name, context, request, using=using)
  File "/home/vlopez/Documents/Desarrollo/agenda/entorno/lib/python3.9/site-packages/django/template/loader.py", line 62, in render_to_string
    return template.render(context, request)
  File "/home/vlopez/Documents/Desarrollo/agenda/entorno/lib/python3.9/site-packages/django/template/backends/django.py", line 62, in render
    return self.template.render(context)
  File "/home/vlopez/Documents/Desarrollo/agenda/entorno/lib/python3.9/site-packages/django/template/base.py", line 175, in render
    return self._render(context)
  File "/home/vlopez/Documents/Desarrollo/agenda/entorno/lib/python3.9/site-packages/django/template/base.py", line 167, in _render
    return self.nodelist.render(context)
  File "/home/vlopez/Documents/Desarrollo/agenda/entorno/lib/python3.9/site-packages/django/template/base.py", line 1005, in render
    return SafeString("".join([node.render_annotated(context) for node in self]))
  File "/home/vlopez/Documents/Desarrollo/agenda/entorno/lib/python3.9/site-packages/django/template/base.py", line 1005, in <listcomp>
    return SafeString("".join([node.render_annotated(context) for node in self]))
  File "/home/vlopez/Documents/Desarrollo/agenda/entorno/lib/python3.9/site-packages/django/template/base.py", line 966, in render_annotated
    return self.render(context)
  File "/home/vlopez/Documents/Desarrollo/agenda/entorno/lib/python3.9/site-packages/django/template/loader_tags.py", line 157, in render
    return compiled_parent._render(context)
  File "/home/vlopez/Documents/Desarrollo/agenda/entorno/lib/python3.9/site-packages/django/template/base.py", line 167, in _render
    return self.nodelist.render(context)
  File "/home/vlopez/Documents/Desarrollo/agenda/entorno/lib/python3.9/site-packages/django/template/base.py", line 1005, in render
    return SafeString("".join([node.render_annotated(context) for node in self]))
  File "/home/vlopez/Documents/Desarrollo/agenda/entorno/lib/python3.9/site-packages/django/template/base.py", line 1005, in <listcomp>
    return SafeString("".join([node.render_annotated(context) for node in self]))
  File "/home/vlopez/Documents/Desarrollo/agenda/entorno/lib/python3.9/site-packages/django/template/base.py", line 966, in render_annotated
    return self.render(context)
  File "/home/vlopez/Documents/Desarrollo/agenda/entorno/lib/python3.9/site-packages/django/template/loader_tags.py", line 63, in render
    result = block.nodelist.render(context)
  File "/home/vlopez/Documents/Desarrollo/agenda/entorno/lib/python3.9/site-packages/django/template/base.py", line 1005, in render
    return SafeString("".join([node.render_annotated(context) for node in self]))
  File "/home/vlopez/Documents/Desarrollo/agenda/entorno/lib/python3.9/site-packages/django/template/base.py", line 1005, in <listcomp>
    return SafeString("".join([node.render_annotated(context) for node in self]))
  File "/home/vlopez/Documents/Desarrollo/agenda/entorno/lib/python3.9/site-packages/django/template/base.py", line 966, in render_annotated
    return self.render(context)
  File "/home/vlopez/Documents/Desarrollo/agenda/entorno/lib/python3.9/site-packages/django/template/defaulttags.py", line 194, in render
    len_values = len(values)
  File "/home/vlopez/Documents/Desarrollo/agenda/entorno/lib/python3.9/site-packages/django/core/paginator.py", line 177, in __len__
    return len(self.object_list)
  File "/home/vlopez/Documents/Desarrollo/agenda/entorno/lib/python3.9/site-packages/django/db/models/query.py", line 376, in __len__
    self._fetch_all()
  File "/home/vlopez/Documents/Desarrollo/agenda/entorno/lib/python3.9/site-packages/django/db/models/query.py", line 1867, in _fetch_all
    self._result_cache = list(self._iterable_class(self))
  File "/home/vlopez/Documents/Desarrollo/agenda/entorno/lib/python3.9/site-packages/django/db/models/query.py", line 87, in __iter__
    results = compiler.execute_sql(
  File "/home/vlopez/Documents/Desarrollo/agenda/entorno/lib/python3.9/site-packages/django/db/models/sql/compiler.py", line 1385, in execute_sql
    sql, params = self.as_sql()
  File "/home/vlopez/Documents/Desarrollo/agenda/entorno/lib/python3.9/site-packages/django/db/models/sql/compiler.py", line 593, in as_sql
    extra_select, order_by, group_by = self.pre_sql_setup()
  File "/home/vlopez/Documents/Desarrollo/agenda/entorno/lib/python3.9/site-packages/django/db/models/sql/compiler.py", line 71, in pre_sql_setup
    self.setup_query()
  File "/home/vlopez/Documents/Desarrollo/agenda/entorno/lib/python3.9/site-packages/django/db/models/sql/compiler.py", line 62, in setup_query
    self.select, self.klass_info, self.annotation_col_map = self.get_select()
  File "/home/vlopez/Documents/Desarrollo/agenda/entorno/lib/python3.9/site-packages/django/db/models/sql/compiler.py", line 278, in get_select
    related_klass_infos = self.get_related_selections(select)
  File "/home/vlopez/Documents/Desarrollo/agenda/entorno/lib/python3.9/site-packages/django/db/models/sql/compiler.py", line 1050, in get_related_selections
    raise FieldError(
django.core.exceptions.FieldError: Non-relational field given in select_related: 'nombre'. Choices are: (none)
2023-09-08 15:45:40 [ERROR] django.server "GET /listarsalas/ HTTP/1.1" 500 219101
2023-09-08 15:47:03 [ERROR] django.request Internal Server Error: /listarsalas/
Traceback (most recent call last):
  File "/home/vlopez/Documents/Desarrollo/agenda/entorno/lib/python3.9/site-packages/django/core/handlers/exception.py", line 55, in inner
    response = get_response(request)
  File "/home/vlopez/Documents/Desarrollo/agenda/entorno/lib/python3.9/site-packages/django/core/handlers/base.py", line 197, in _get_response
    response = wrapped_callback(request, *callback_args, **callback_kwargs)
  File "/home/vlopez/Documents/Desarrollo/agenda/entorno/lib/python3.9/site-packages/django/contrib/auth/decorators.py", line 23, in _wrapped_view
    return view_func(request, *args, **kwargs)
  File "/home/vlopez/Documents/Desarrollo/agenda/agenda/sala/views.py", line 70, in listar_salas
    return render(request, "sala/listar_salas.html", context)
  File "/home/vlopez/Documents/Desarrollo/agenda/entorno/lib/python3.9/site-packages/django/shortcuts.py", line 24, in render
    content = loader.render_to_string(template_name, context, request, using=using)
  File "/home/vlopez/Documents/Desarrollo/agenda/entorno/lib/python3.9/site-packages/django/template/loader.py", line 62, in render_to_string
    return template.render(context, request)
  File "/home/vlopez/Documents/Desarrollo/agenda/entorno/lib/python3.9/site-packages/django/template/backends/django.py", line 62, in render
    return self.template.render(context)
  File "/home/vlopez/Documents/Desarrollo/agenda/entorno/lib/python3.9/site-packages/django/template/base.py", line 175, in render
    return self._render(context)
  File "/home/vlopez/Documents/Desarrollo/agenda/entorno/lib/python3.9/site-packages/django/template/base.py", line 167, in _render
    return self.nodelist.render(context)
  File "/home/vlopez/Documents/Desarrollo/agenda/entorno/lib/python3.9/site-packages/django/template/base.py", line 1005, in render
    return SafeString("".join([node.render_annotated(context) for node in self]))
  File "/home/vlopez/Documents/Desarrollo/agenda/entorno/lib/python3.9/site-packages/django/template/base.py", line 1005, in <listcomp>
    return SafeString("".join([node.render_annotated(context) for node in self]))
  File "/home/vlopez/Documents/Desarrollo/agenda/entorno/lib/python3.9/site-packages/django/template/base.py", line 966, in render_annotated
    return self.render(context)
  File "/home/vlopez/Documents/Desarrollo/agenda/entorno/lib/python3.9/site-packages/django/template/loader_tags.py", line 157, in render
    return compiled_parent._render(context)
  File "/home/vlopez/Documents/Desarrollo/agenda/entorno/lib/python3.9/site-packages/django/template/base.py", line 167, in _render
    return self.nodelist.render(context)
  File "/home/vlopez/Documents/Desarrollo/agenda/entorno/lib/python3.9/site-packages/django/template/base.py", line 1005, in render
    return SafeString("".join([node.render_annotated(context) for node in self]))
  File "/home/vlopez/Documents/Desarrollo/agenda/entorno/lib/python3.9/site-packages/django/template/base.py", line 1005, in <listcomp>
    return SafeString("".join([node.render_annotated(context) for node in self]))
  File "/home/vlopez/Documents/Desarrollo/agenda/entorno/lib/python3.9/site-packages/django/template/base.py", line 966, in render_annotated
    return self.render(context)
  File "/home/vlopez/Documents/Desarrollo/agenda/entorno/lib/python3.9/site-packages/django/template/loader_tags.py", line 63, in render
    result = block.nodelist.render(context)
  File "/home/vlopez/Documents/Desarrollo/agenda/entorno/lib/python3.9/site-packages/django/template/base.py", line 1005, in render
    return SafeString("".join([node.render_annotated(context) for node in self]))
  File "/home/vlopez/Documents/Desarrollo/agenda/entorno/lib/python3.9/site-packages/django/template/base.py", line 1005, in <listcomp>
    return SafeString("".join([node.render_annotated(context) for node in self]))
  File "/home/vlopez/Documents/Desarrollo/agenda/entorno/lib/python3.9/site-packages/django/template/base.py", line 966, in render_annotated
    return self.render(context)
  File "/home/vlopez/Documents/Desarrollo/agenda/entorno/lib/python3.9/site-packages/django/template/defaulttags.py", line 194, in render
    len_values = len(values)
  File "/home/vlopez/Documents/Desarrollo/agenda/entorno/lib/python3.9/site-packages/django/core/paginator.py", line 177, in __len__
    return len(self.object_list)
  File "/home/vlopez/Documents/Desarrollo/agenda/entorno/lib/python3.9/site-packages/django/db/models/query.py", line 376, in __len__
    self._fetch_all()
  File "/home/vlopez/Documents/Desarrollo/agenda/entorno/lib/python3.9/site-packages/django/db/models/query.py", line 1867, in _fetch_all
    self._result_cache = list(self._iterable_class(self))
  File "/home/vlopez/Documents/Desarrollo/agenda/entorno/lib/python3.9/site-packages/django/db/models/query.py", line 87, in __iter__
    results = compiler.execute_sql(
  File "/home/vlopez/Documents/Desarrollo/agenda/entorno/lib/python3.9/site-packages/django/db/models/sql/compiler.py", line 1385, in execute_sql
    sql, params = self.as_sql()
  File "/home/vlopez/Documents/Desarrollo/agenda/entorno/lib/python3.9/site-packages/django/db/models/sql/compiler.py", line 593, in as_sql
    extra_select, order_by, group_by = self.pre_sql_setup()
  File "/home/vlopez/Documents/Desarrollo/agenda/entorno/lib/python3.9/site-packages/django/db/models/sql/compiler.py", line 71, in pre_sql_setup
    self.setup_query()
  File "/home/vlopez/Documents/Desarrollo/agenda/entorno/lib/python3.9/site-packages/django/db/models/sql/compiler.py", line 62, in setup_query
    self.select, self.klass_info, self.annotation_col_map = self.get_select()
  File "/home/vlopez/Documents/Desarrollo/agenda/entorno/lib/python3.9/site-packages/django/db/models/sql/compiler.py", line 278, in get_select
    related_klass_infos = self.get_related_selections(select)
  File "/home/vlopez/Documents/Desarrollo/agenda/entorno/lib/python3.9/site-packages/django/db/models/sql/compiler.py", line 1050, in get_related_selections
    raise FieldError(
django.core.exceptions.FieldError: Non-relational field given in select_related: 'nombre'. Choices are: (none)
2023-09-08 15:47:03 [ERROR] django.server "GET /listarsalas/ HTTP/1.1" 500 219101
2023-09-08 15:48:38 [ERROR] django.request Internal Server Error: /listarsalas/
Traceback (most recent call last):
  File "/home/vlopez/Documents/Desarrollo/agenda/entorno/lib/python3.9/site-packages/django/core/handlers/exception.py", line 55, in inner
    response = get_response(request)
  File "/home/vlopez/Documents/Desarrollo/agenda/entorno/lib/python3.9/site-packages/django/core/handlers/base.py", line 197, in _get_response
    response = wrapped_callback(request, *callback_args, **callback_kwargs)
  File "/home/vlopez/Documents/Desarrollo/agenda/entorno/lib/python3.9/site-packages/django/contrib/auth/decorators.py", line 23, in _wrapped_view
    return view_func(request, *args, **kwargs)
  File "/home/vlopez/Documents/Desarrollo/agenda/agenda/sala/views.py", line 70, in listar_salas
    return render(request, "sala/listar_salas.html", context)
  File "/home/vlopez/Documents/Desarrollo/agenda/entorno/lib/python3.9/site-packages/django/shortcuts.py", line 24, in render
    content = loader.render_to_string(template_name, context, request, using=using)
  File "/home/vlopez/Documents/Desarrollo/agenda/entorno/lib/python3.9/site-packages/django/template/loader.py", line 62, in render_to_string
    return template.render(context, request)
  File "/home/vlopez/Documents/Desarrollo/agenda/entorno/lib/python3.9/site-packages/django/template/backends/django.py", line 62, in render
    return self.template.render(context)
  File "/home/vlopez/Documents/Desarrollo/agenda/entorno/lib/python3.9/site-packages/django/template/base.py", line 175, in render
    return self._render(context)
  File "/home/vlopez/Documents/Desarrollo/agenda/entorno/lib/python3.9/site-packages/django/template/base.py", line 167, in _render
    return self.nodelist.render(context)
  File "/home/vlopez/Documents/Desarrollo/agenda/entorno/lib/python3.9/site-packages/django/template/base.py", line 1005, in render
    return SafeString("".join([node.render_annotated(context) for node in self]))
  File "/home/vlopez/Documents/Desarrollo/agenda/entorno/lib/python3.9/site-packages/django/template/base.py", line 1005, in <listcomp>
    return SafeString("".join([node.render_annotated(context) for node in self]))
  File "/home/vlopez/Documents/Desarrollo/agenda/entorno/lib/python3.9/site-packages/django/template/base.py", line 966, in render_annotated
    return self.render(context)
  File "/home/vlopez/Documents/Desarrollo/agenda/entorno/lib/python3.9/site-packages/django/template/loader_tags.py", line 157, in render
    return compiled_parent._render(context)
  File "/home/vlopez/Documents/Desarrollo/agenda/entorno/lib/python3.9/site-packages/django/template/base.py", line 167, in _render
    return self.nodelist.render(context)
  File "/home/vlopez/Documents/Desarrollo/agenda/entorno/lib/python3.9/site-packages/django/template/base.py", line 1005, in render
    return SafeString("".join([node.render_annotated(context) for node in self]))
  File "/home/vlopez/Documents/Desarrollo/agenda/entorno/lib/python3.9/site-packages/django/template/base.py", line 1005, in <listcomp>
    return SafeString("".join([node.render_annotated(context) for node in self]))
  File "/home/vlopez/Documents/Desarrollo/agenda/entorno/lib/python3.9/site-packages/django/template/base.py", line 966, in render_annotated
    return self.render(context)
  File "/home/vlopez/Documents/Desarrollo/agenda/entorno/lib/python3.9/site-packages/django/template/loader_tags.py", line 63, in render
    result = block.nodelist.render(context)
  File "/home/vlopez/Documents/Desarrollo/agenda/entorno/lib/python3.9/site-packages/django/template/base.py", line 1005, in render
    return SafeString("".join([node.render_annotated(context) for node in self]))
  File "/home/vlopez/Documents/Desarrollo/agenda/entorno/lib/python3.9/site-packages/django/template/base.py", line 1005, in <listcomp>
    return SafeString("".join([node.render_annotated(context) for node in self]))
  File "/home/vlopez/Documents/Desarrollo/agenda/entorno/lib/python3.9/site-packages/django/template/base.py", line 966, in render_annotated
    return self.render(context)
  File "/home/vlopez/Documents/Desarrollo/agenda/entorno/lib/python3.9/site-packages/django/template/defaulttags.py", line 194, in render
    len_values = len(values)
  File "/home/vlopez/Documents/Desarrollo/agenda/entorno/lib/python3.9/site-packages/django/core/paginator.py", line 177, in __len__
    return len(self.object_list)
  File "/home/vlopez/Documents/Desarrollo/agenda/entorno/lib/python3.9/site-packages/django/db/models/query.py", line 376, in __len__
    self._fetch_all()
  File "/home/vlopez/Documents/Desarrollo/agenda/entorno/lib/python3.9/site-packages/django/db/models/query.py", line 1867, in _fetch_all
    self._result_cache = list(self._iterable_class(self))
  File "/home/vlopez/Documents/Desarrollo/agenda/entorno/lib/python3.9/site-packages/django/db/models/query.py", line 87, in __iter__
    results = compiler.execute_sql(
  File "/home/vlopez/Documents/Desarrollo/agenda/entorno/lib/python3.9/site-packages/django/db/models/sql/compiler.py", line 1385, in execute_sql
    sql, params = self.as_sql()
  File "/home/vlopez/Documents/Desarrollo/agenda/entorno/lib/python3.9/site-packages/django/db/models/sql/compiler.py", line 593, in as_sql
    extra_select, order_by, group_by = self.pre_sql_setup()
  File "/home/vlopez/Documents/Desarrollo/agenda/entorno/lib/python3.9/site-packages/django/db/models/sql/compiler.py", line 71, in pre_sql_setup
    self.setup_query()
  File "/home/vlopez/Documents/Desarrollo/agenda/entorno/lib/python3.9/site-packages/django/db/models/sql/compiler.py", line 62, in setup_query
    self.select, self.klass_info, self.annotation_col_map = self.get_select()
  File "/home/vlopez/Documents/Desarrollo/agenda/entorno/lib/python3.9/site-packages/django/db/models/sql/compiler.py", line 278, in get_select
    related_klass_infos = self.get_related_selections(select)
  File "/home/vlopez/Documents/Desarrollo/agenda/entorno/lib/python3.9/site-packages/django/db/models/sql/compiler.py", line 1193, in get_related_selections
    raise FieldError(
django.core.exceptions.FieldError: Invalid field name(s) given in select_related: 'sala_id'. Choices are: (none)
2023-09-08 15:48:38 [ERROR] django.server "GET /listarsalas/ HTTP/1.1" 500 220510
2023-09-08 15:52:35 [ERROR] django.request Internal Server Error: /listarsalas/
Traceback (most recent call last):
  File "/home/vlopez/Documents/Desarrollo/agenda/entorno/lib/python3.9/site-packages/django/core/handlers/exception.py", line 55, in inner
    response = get_response(request)
  File "/home/vlopez/Documents/Desarrollo/agenda/entorno/lib/python3.9/site-packages/django/core/handlers/base.py", line 197, in _get_response
    response = wrapped_callback(request, *callback_args, **callback_kwargs)
  File "/home/vlopez/Documents/Desarrollo/agenda/entorno/lib/python3.9/site-packages/django/contrib/auth/decorators.py", line 23, in _wrapped_view
    return view_func(request, *args, **kwargs)
  File "/home/vlopez/Documents/Desarrollo/agenda/agenda/sala/views.py", line 62, in listar_salas
    paginator = Paginator(elements,10)
NameError: name 'elements' is not defined
2023-09-08 15:52:35 [ERROR] django.server "GET /listarsalas/ HTTP/1.1" 500 83347
2023-09-08 15:52:58 [ERROR] django.request Internal Server Error: /listarsalas/
Traceback (most recent call last):
  File "/home/vlopez/Documents/Desarrollo/agenda/entorno/lib/python3.9/site-packages/django/core/handlers/exception.py", line 55, in inner
    response = get_response(request)
  File "/home/vlopez/Documents/Desarrollo/agenda/entorno/lib/python3.9/site-packages/django/core/handlers/base.py", line 197, in _get_response
    response = wrapped_callback(request, *callback_args, **callback_kwargs)
  File "/home/vlopez/Documents/Desarrollo/agenda/entorno/lib/python3.9/site-packages/django/contrib/auth/decorators.py", line 23, in _wrapped_view
    return view_func(request, *args, **kwargs)
  File "/home/vlopez/Documents/Desarrollo/agenda/agenda/sala/views.py", line 70, in listar_salas
    return render(request, "sala/listar_salas.html", context)
  File "/home/vlopez/Documents/Desarrollo/agenda/entorno/lib/python3.9/site-packages/django/shortcuts.py", line 24, in render
    content = loader.render_to_string(template_name, context, request, using=using)
  File "/home/vlopez/Documents/Desarrollo/agenda/entorno/lib/python3.9/site-packages/django/template/loader.py", line 62, in render_to_string
    return template.render(context, request)
  File "/home/vlopez/Documents/Desarrollo/agenda/entorno/lib/python3.9/site-packages/django/template/backends/django.py", line 62, in render
    return self.template.render(context)
  File "/home/vlopez/Documents/Desarrollo/agenda/entorno/lib/python3.9/site-packages/django/template/base.py", line 175, in render
    return self._render(context)
  File "/home/vlopez/Documents/Desarrollo/agenda/entorno/lib/python3.9/site-packages/django/template/base.py", line 167, in _render
    return self.nodelist.render(context)
  File "/home/vlopez/Documents/Desarrollo/agenda/entorno/lib/python3.9/site-packages/django/template/base.py", line 1005, in render
    return SafeString("".join([node.render_annotated(context) for node in self]))
  File "/home/vlopez/Documents/Desarrollo/agenda/entorno/lib/python3.9/site-packages/django/template/base.py", line 1005, in <listcomp>
    return SafeString("".join([node.render_annotated(context) for node in self]))
  File "/home/vlopez/Documents/Desarrollo/agenda/entorno/lib/python3.9/site-packages/django/template/base.py", line 966, in render_annotated
    return self.render(context)
  File "/home/vlopez/Documents/Desarrollo/agenda/entorno/lib/python3.9/site-packages/django/template/loader_tags.py", line 157, in render
    return compiled_parent._render(context)
  File "/home/vlopez/Documents/Desarrollo/agenda/entorno/lib/python3.9/site-packages/django/template/base.py", line 167, in _render
    return self.nodelist.render(context)
  File "/home/vlopez/Documents/Desarrollo/agenda/entorno/lib/python3.9/site-packages/django/template/base.py", line 1005, in render
    return SafeString("".join([node.render_annotated(context) for node in self]))
  File "/home/vlopez/Documents/Desarrollo/agenda/entorno/lib/python3.9/site-packages/django/template/base.py", line 1005, in <listcomp>
    return SafeString("".join([node.render_annotated(context) for node in self]))
  File "/home/vlopez/Documents/Desarrollo/agenda/entorno/lib/python3.9/site-packages/django/template/base.py", line 966, in render_annotated
    return self.render(context)
  File "/home/vlopez/Documents/Desarrollo/agenda/entorno/lib/python3.9/site-packages/django/template/loader_tags.py", line 63, in render
    result = block.nodelist.render(context)
  File "/home/vlopez/Documents/Desarrollo/agenda/entorno/lib/python3.9/site-packages/django/template/base.py", line 1005, in render
    return SafeString("".join([node.render_annotated(context) for node in self]))
  File "/home/vlopez/Documents/Desarrollo/agenda/entorno/lib/python3.9/site-packages/django/template/base.py", line 1005, in <listcomp>
    return SafeString("".join([node.render_annotated(context) for node in self]))
  File "/home/vlopez/Documents/Desarrollo/agenda/entorno/lib/python3.9/site-packages/django/template/base.py", line 966, in render_annotated
    return self.render(context)
  File "/home/vlopez/Documents/Desarrollo/agenda/entorno/lib/python3.9/site-packages/django/template/defaulttags.py", line 194, in render
    len_values = len(values)
  File "/home/vlopez/Documents/Desarrollo/agenda/entorno/lib/python3.9/site-packages/django/core/paginator.py", line 177, in __len__
    return len(self.object_list)
  File "/home/vlopez/Documents/Desarrollo/agenda/entorno/lib/python3.9/site-packages/django/db/models/query.py", line 376, in __len__
    self._fetch_all()
  File "/home/vlopez/Documents/Desarrollo/agenda/entorno/lib/python3.9/site-packages/django/db/models/query.py", line 1867, in _fetch_all
    self._result_cache = list(self._iterable_class(self))
  File "/home/vlopez/Documents/Desarrollo/agenda/entorno/lib/python3.9/site-packages/django/db/models/query.py", line 87, in __iter__
    results = compiler.execute_sql(
  File "/home/vlopez/Documents/Desarrollo/agenda/entorno/lib/python3.9/site-packages/django/db/models/sql/compiler.py", line 1385, in execute_sql
    sql, params = self.as_sql()
  File "/home/vlopez/Documents/Desarrollo/agenda/entorno/lib/python3.9/site-packages/django/db/models/sql/compiler.py", line 593, in as_sql
    extra_select, order_by, group_by = self.pre_sql_setup()
  File "/home/vlopez/Documents/Desarrollo/agenda/entorno/lib/python3.9/site-packages/django/db/models/sql/compiler.py", line 71, in pre_sql_setup
    self.setup_query()
  File "/home/vlopez/Documents/Desarrollo/agenda/entorno/lib/python3.9/site-packages/django/db/models/sql/compiler.py", line 62, in setup_query
    self.select, self.klass_info, self.annotation_col_map = self.get_select()
  File "/home/vlopez/Documents/Desarrollo/agenda/entorno/lib/python3.9/site-packages/django/db/models/sql/compiler.py", line 278, in get_select
    related_klass_infos = self.get_related_selections(select)
  File "/home/vlopez/Documents/Desarrollo/agenda/entorno/lib/python3.9/site-packages/django/db/models/sql/compiler.py", line 1193, in get_related_selections
    raise FieldError(
django.core.exceptions.FieldError: Invalid field name(s) given in select_related: 'sala_id'. Choices are: (none)
2023-09-08 15:52:58 [ERROR] django.server "GET /listarsalas/ HTTP/1.1" 500 220507
2023-09-08 16:56:20 [ERROR] django.request Internal Server Error: /listarsalas/
Traceback (most recent call last):
  File "/home/vlopez/Documents/Desarrollo/agenda/entorno/lib/python3.9/site-packages/django/core/handlers/exception.py", line 55, in inner
    response = get_response(request)
  File "/home/vlopez/Documents/Desarrollo/agenda/entorno/lib/python3.9/site-packages/django/core/handlers/base.py", line 197, in _get_response
    response = wrapped_callback(request, *callback_args, **callback_kwargs)
  File "/home/vlopez/Documents/Desarrollo/agenda/entorno/lib/python3.9/site-packages/django/contrib/auth/decorators.py", line 23, in _wrapped_view
    return view_func(request, *args, **kwargs)
  File "/home/vlopez/Documents/Desarrollo/agenda/agenda/sala/views.py", line 70, in listar_salas
    return render(request, "sala/listar_salas.html", context)
  File "/home/vlopez/Documents/Desarrollo/agenda/entorno/lib/python3.9/site-packages/django/shortcuts.py", line 24, in render
    content = loader.render_to_string(template_name, context, request, using=using)
  File "/home/vlopez/Documents/Desarrollo/agenda/entorno/lib/python3.9/site-packages/django/template/loader.py", line 62, in render_to_string
    return template.render(context, request)
  File "/home/vlopez/Documents/Desarrollo/agenda/entorno/lib/python3.9/site-packages/django/template/backends/django.py", line 62, in render
    return self.template.render(context)
  File "/home/vlopez/Documents/Desarrollo/agenda/entorno/lib/python3.9/site-packages/django/template/base.py", line 175, in render
    return self._render(context)
  File "/home/vlopez/Documents/Desarrollo/agenda/entorno/lib/python3.9/site-packages/django/template/base.py", line 167, in _render
    return self.nodelist.render(context)
  File "/home/vlopez/Documents/Desarrollo/agenda/entorno/lib/python3.9/site-packages/django/template/base.py", line 1005, in render
    return SafeString("".join([node.render_annotated(context) for node in self]))
  File "/home/vlopez/Documents/Desarrollo/agenda/entorno/lib/python3.9/site-packages/django/template/base.py", line 1005, in <listcomp>
    return SafeString("".join([node.render_annotated(context) for node in self]))
  File "/home/vlopez/Documents/Desarrollo/agenda/entorno/lib/python3.9/site-packages/django/template/base.py", line 966, in render_annotated
    return self.render(context)
  File "/home/vlopez/Documents/Desarrollo/agenda/entorno/lib/python3.9/site-packages/django/template/loader_tags.py", line 157, in render
    return compiled_parent._render(context)
  File "/home/vlopez/Documents/Desarrollo/agenda/entorno/lib/python3.9/site-packages/django/template/base.py", line 167, in _render
    return self.nodelist.render(context)
  File "/home/vlopez/Documents/Desarrollo/agenda/entorno/lib/python3.9/site-packages/django/template/base.py", line 1005, in render
    return SafeString("".join([node.render_annotated(context) for node in self]))
  File "/home/vlopez/Documents/Desarrollo/agenda/entorno/lib/python3.9/site-packages/django/template/base.py", line 1005, in <listcomp>
    return SafeString("".join([node.render_annotated(context) for node in self]))
  File "/home/vlopez/Documents/Desarrollo/agenda/entorno/lib/python3.9/site-packages/django/template/base.py", line 966, in render_annotated
    return self.render(context)
  File "/home/vlopez/Documents/Desarrollo/agenda/entorno/lib/python3.9/site-packages/django/template/loader_tags.py", line 63, in render
    result = block.nodelist.render(context)
  File "/home/vlopez/Documents/Desarrollo/agenda/entorno/lib/python3.9/site-packages/django/template/base.py", line 1005, in render
    return SafeString("".join([node.render_annotated(context) for node in self]))
  File "/home/vlopez/Documents/Desarrollo/agenda/entorno/lib/python3.9/site-packages/django/template/base.py", line 1005, in <listcomp>
    return SafeString("".join([node.render_annotated(context) for node in self]))
  File "/home/vlopez/Documents/Desarrollo/agenda/entorno/lib/python3.9/site-packages/django/template/base.py", line 966, in render_annotated
    return self.render(context)
  File "/home/vlopez/Documents/Desarrollo/agenda/entorno/lib/python3.9/site-packages/django/template/defaulttags.py", line 194, in render
    len_values = len(values)
  File "/home/vlopez/Documents/Desarrollo/agenda/entorno/lib/python3.9/site-packages/django/core/paginator.py", line 177, in __len__
    return len(self.object_list)
  File "/home/vlopez/Documents/Desarrollo/agenda/entorno/lib/python3.9/site-packages/django/db/models/query.py", line 376, in __len__
    self._fetch_all()
  File "/home/vlopez/Documents/Desarrollo/agenda/entorno/lib/python3.9/site-packages/django/db/models/query.py", line 1867, in _fetch_all
    self._result_cache = list(self._iterable_class(self))
  File "/home/vlopez/Documents/Desarrollo/agenda/entorno/lib/python3.9/site-packages/django/db/models/query.py", line 87, in __iter__
    results = compiler.execute_sql(
  File "/home/vlopez/Documents/Desarrollo/agenda/entorno/lib/python3.9/site-packages/django/db/models/sql/compiler.py", line 1385, in execute_sql
    sql, params = self.as_sql()
  File "/home/vlopez/Documents/Desarrollo/agenda/entorno/lib/python3.9/site-packages/django/db/models/sql/compiler.py", line 593, in as_sql
    extra_select, order_by, group_by = self.pre_sql_setup()
  File "/home/vlopez/Documents/Desarrollo/agenda/entorno/lib/python3.9/site-packages/django/db/models/sql/compiler.py", line 71, in pre_sql_setup
    self.setup_query()
  File "/home/vlopez/Documents/Desarrollo/agenda/entorno/lib/python3.9/site-packages/django/db/models/sql/compiler.py", line 62, in setup_query
    self.select, self.klass_info, self.annotation_col_map = self.get_select()
  File "/home/vlopez/Documents/Desarrollo/agenda/entorno/lib/python3.9/site-packages/django/db/models/sql/compiler.py", line 278, in get_select
    related_klass_infos = self.get_related_selections(select)
  File "/home/vlopez/Documents/Desarrollo/agenda/entorno/lib/python3.9/site-packages/django/db/models/sql/compiler.py", line 1050, in get_related_selections
    raise FieldError(
django.core.exceptions.FieldError: Non-relational field given in select_related: 'ubicacion'. Choices are: (none)
2023-09-08 16:56:20 [ERROR] django.server "GET /listarsalas/ HTTP/1.1" 500 219157
2023-09-08 16:57:51 [ERROR] django.request Internal Server Error: /listarsalas/
Traceback (most recent call last):
  File "/home/vlopez/Documents/Desarrollo/agenda/entorno/lib/python3.9/site-packages/django/core/handlers/exception.py", line 55, in inner
    response = get_response(request)
  File "/home/vlopez/Documents/Desarrollo/agenda/entorno/lib/python3.9/site-packages/django/core/handlers/base.py", line 197, in _get_response
    response = wrapped_callback(request, *callback_args, **callback_kwargs)
  File "/home/vlopez/Documents/Desarrollo/agenda/entorno/lib/python3.9/site-packages/django/contrib/auth/decorators.py", line 23, in _wrapped_view
    return view_func(request, *args, **kwargs)
  File "/home/vlopez/Documents/Desarrollo/agenda/agenda/sala/views.py", line 70, in listar_salas
    return render(request, "sala/listar_salas.html", context)
  File "/home/vlopez/Documents/Desarrollo/agenda/entorno/lib/python3.9/site-packages/django/shortcuts.py", line 24, in render
    content = loader.render_to_string(template_name, context, request, using=using)
  File "/home/vlopez/Documents/Desarrollo/agenda/entorno/lib/python3.9/site-packages/django/template/loader.py", line 62, in render_to_string
    return template.render(context, request)
  File "/home/vlopez/Documents/Desarrollo/agenda/entorno/lib/python3.9/site-packages/django/template/backends/django.py", line 62, in render
    return self.template.render(context)
  File "/home/vlopez/Documents/Desarrollo/agenda/entorno/lib/python3.9/site-packages/django/template/base.py", line 175, in render
    return self._render(context)
  File "/home/vlopez/Documents/Desarrollo/agenda/entorno/lib/python3.9/site-packages/django/template/base.py", line 167, in _render
    return self.nodelist.render(context)
  File "/home/vlopez/Documents/Desarrollo/agenda/entorno/lib/python3.9/site-packages/django/template/base.py", line 1005, in render
    return SafeString("".join([node.render_annotated(context) for node in self]))
  File "/home/vlopez/Documents/Desarrollo/agenda/entorno/lib/python3.9/site-packages/django/template/base.py", line 1005, in <listcomp>
    return SafeString("".join([node.render_annotated(context) for node in self]))
  File "/home/vlopez/Documents/Desarrollo/agenda/entorno/lib/python3.9/site-packages/django/template/base.py", line 966, in render_annotated
    return self.render(context)
  File "/home/vlopez/Documents/Desarrollo/agenda/entorno/lib/python3.9/site-packages/django/template/loader_tags.py", line 157, in render
    return compiled_parent._render(context)
  File "/home/vlopez/Documents/Desarrollo/agenda/entorno/lib/python3.9/site-packages/django/template/base.py", line 167, in _render
    return self.nodelist.render(context)
  File "/home/vlopez/Documents/Desarrollo/agenda/entorno/lib/python3.9/site-packages/django/template/base.py", line 1005, in render
    return SafeString("".join([node.render_annotated(context) for node in self]))
  File "/home/vlopez/Documents/Desarrollo/agenda/entorno/lib/python3.9/site-packages/django/template/base.py", line 1005, in <listcomp>
    return SafeString("".join([node.render_annotated(context) for node in self]))
  File "/home/vlopez/Documents/Desarrollo/agenda/entorno/lib/python3.9/site-packages/django/template/base.py", line 966, in render_annotated
    return self.render(context)
  File "/home/vlopez/Documents/Desarrollo/agenda/entorno/lib/python3.9/site-packages/django/template/loader_tags.py", line 63, in render
    result = block.nodelist.render(context)
  File "/home/vlopez/Documents/Desarrollo/agenda/entorno/lib/python3.9/site-packages/django/template/base.py", line 1005, in render
    return SafeString("".join([node.render_annotated(context) for node in self]))
  File "/home/vlopez/Documents/Desarrollo/agenda/entorno/lib/python3.9/site-packages/django/template/base.py", line 1005, in <listcomp>
    return SafeString("".join([node.render_annotated(context) for node in self]))
  File "/home/vlopez/Documents/Desarrollo/agenda/entorno/lib/python3.9/site-packages/django/template/base.py", line 966, in render_annotated
    return self.render(context)
  File "/home/vlopez/Documents/Desarrollo/agenda/entorno/lib/python3.9/site-packages/django/template/defaulttags.py", line 194, in render
    len_values = len(values)
  File "/home/vlopez/Documents/Desarrollo/agenda/entorno/lib/python3.9/site-packages/django/core/paginator.py", line 177, in __len__
    return len(self.object_list)
  File "/home/vlopez/Documents/Desarrollo/agenda/entorno/lib/python3.9/site-packages/django/db/models/query.py", line 376, in __len__
    self._fetch_all()
  File "/home/vlopez/Documents/Desarrollo/agenda/entorno/lib/python3.9/site-packages/django/db/models/query.py", line 1867, in _fetch_all
    self._result_cache = list(self._iterable_class(self))
  File "/home/vlopez/Documents/Desarrollo/agenda/entorno/lib/python3.9/site-packages/django/db/models/query.py", line 87, in __iter__
    results = compiler.execute_sql(
  File "/home/vlopez/Documents/Desarrollo/agenda/entorno/lib/python3.9/site-packages/django/db/models/sql/compiler.py", line 1385, in execute_sql
    sql, params = self.as_sql()
  File "/home/vlopez/Documents/Desarrollo/agenda/entorno/lib/python3.9/site-packages/django/db/models/sql/compiler.py", line 593, in as_sql
    extra_select, order_by, group_by = self.pre_sql_setup()
  File "/home/vlopez/Documents/Desarrollo/agenda/entorno/lib/python3.9/site-packages/django/db/models/sql/compiler.py", line 71, in pre_sql_setup
    self.setup_query()
  File "/home/vlopez/Documents/Desarrollo/agenda/entorno/lib/python3.9/site-packages/django/db/models/sql/compiler.py", line 62, in setup_query
    self.select, self.klass_info, self.annotation_col_map = self.get_select()
  File "/home/vlopez/Documents/Desarrollo/agenda/entorno/lib/python3.9/site-packages/django/db/models/sql/compiler.py", line 278, in get_select
    related_klass_infos = self.get_related_selections(select)
  File "/home/vlopez/Documents/Desarrollo/agenda/entorno/lib/python3.9/site-packages/django/db/models/sql/compiler.py", line 1050, in get_related_selections
    raise FieldError(
django.core.exceptions.FieldError: Non-relational field given in select_related: 'id'. Choices are: (none)
2023-09-08 16:57:51 [ERROR] django.server "GET /listarsalas/ HTTP/1.1" 500 219033
2023-09-08 17:06:19 [ERROR] django.request Internal Server Error: /listarsalas/
Traceback (most recent call last):
  File "/home/vlopez/Documents/Desarrollo/agenda/entorno/lib/python3.9/site-packages/django/core/handlers/exception.py", line 55, in inner
    response = get_response(request)
  File "/home/vlopez/Documents/Desarrollo/agenda/entorno/lib/python3.9/site-packages/django/core/handlers/base.py", line 197, in _get_response
    response = wrapped_callback(request, *callback_args, **callback_kwargs)
  File "/home/vlopez/Documents/Desarrollo/agenda/entorno/lib/python3.9/site-packages/django/contrib/auth/decorators.py", line 23, in _wrapped_view
    return view_func(request, *args, **kwargs)
  File "/home/vlopez/Documents/Desarrollo/agenda/agenda/sala/views.py", line 70, in listar_salas
    return render(request, "sala/listar_salas.html", context)
  File "/home/vlopez/Documents/Desarrollo/agenda/entorno/lib/python3.9/site-packages/django/shortcuts.py", line 24, in render
    content = loader.render_to_string(template_name, context, request, using=using)
  File "/home/vlopez/Documents/Desarrollo/agenda/entorno/lib/python3.9/site-packages/django/template/loader.py", line 62, in render_to_string
    return template.render(context, request)
  File "/home/vlopez/Documents/Desarrollo/agenda/entorno/lib/python3.9/site-packages/django/template/backends/django.py", line 62, in render
    return self.template.render(context)
  File "/home/vlopez/Documents/Desarrollo/agenda/entorno/lib/python3.9/site-packages/django/template/base.py", line 175, in render
    return self._render(context)
  File "/home/vlopez/Documents/Desarrollo/agenda/entorno/lib/python3.9/site-packages/django/template/base.py", line 167, in _render
    return self.nodelist.render(context)
  File "/home/vlopez/Documents/Desarrollo/agenda/entorno/lib/python3.9/site-packages/django/template/base.py", line 1005, in render
    return SafeString("".join([node.render_annotated(context) for node in self]))
  File "/home/vlopez/Documents/Desarrollo/agenda/entorno/lib/python3.9/site-packages/django/template/base.py", line 1005, in <listcomp>
    return SafeString("".join([node.render_annotated(context) for node in self]))
  File "/home/vlopez/Documents/Desarrollo/agenda/entorno/lib/python3.9/site-packages/django/template/base.py", line 966, in render_annotated
    return self.render(context)
  File "/home/vlopez/Documents/Desarrollo/agenda/entorno/lib/python3.9/site-packages/django/template/loader_tags.py", line 157, in render
    return compiled_parent._render(context)
  File "/home/vlopez/Documents/Desarrollo/agenda/entorno/lib/python3.9/site-packages/django/template/base.py", line 167, in _render
    return self.nodelist.render(context)
  File "/home/vlopez/Documents/Desarrollo/agenda/entorno/lib/python3.9/site-packages/django/template/base.py", line 1005, in render
    return SafeString("".join([node.render_annotated(context) for node in self]))
  File "/home/vlopez/Documents/Desarrollo/agenda/entorno/lib/python3.9/site-packages/django/template/base.py", line 1005, in <listcomp>
    return SafeString("".join([node.render_annotated(context) for node in self]))
  File "/home/vlopez/Documents/Desarrollo/agenda/entorno/lib/python3.9/site-packages/django/template/base.py", line 966, in render_annotated
    return self.render(context)
  File "/home/vlopez/Documents/Desarrollo/agenda/entorno/lib/python3.9/site-packages/django/template/loader_tags.py", line 63, in render
    result = block.nodelist.render(context)
  File "/home/vlopez/Documents/Desarrollo/agenda/entorno/lib/python3.9/site-packages/django/template/base.py", line 1005, in render
    return SafeString("".join([node.render_annotated(context) for node in self]))
  File "/home/vlopez/Documents/Desarrollo/agenda/entorno/lib/python3.9/site-packages/django/template/base.py", line 1005, in <listcomp>
    return SafeString("".join([node.render_annotated(context) for node in self]))
  File "/home/vlopez/Documents/Desarrollo/agenda/entorno/lib/python3.9/site-packages/django/template/base.py", line 966, in render_annotated
    return self.render(context)
  File "/home/vlopez/Documents/Desarrollo/agenda/entorno/lib/python3.9/site-packages/django/template/defaulttags.py", line 194, in render
    len_values = len(values)
  File "/home/vlopez/Documents/Desarrollo/agenda/entorno/lib/python3.9/site-packages/django/core/paginator.py", line 177, in __len__
    return len(self.object_list)
  File "/home/vlopez/Documents/Desarrollo/agenda/entorno/lib/python3.9/site-packages/django/db/models/query.py", line 376, in __len__
    self._fetch_all()
  File "/home/vlopez/Documents/Desarrollo/agenda/entorno/lib/python3.9/site-packages/django/db/models/query.py", line 1867, in _fetch_all
    self._result_cache = list(self._iterable_class(self))
  File "/home/vlopez/Documents/Desarrollo/agenda/entorno/lib/python3.9/site-packages/django/db/models/query.py", line 87, in __iter__
    results = compiler.execute_sql(
  File "/home/vlopez/Documents/Desarrollo/agenda/entorno/lib/python3.9/site-packages/django/db/models/sql/compiler.py", line 1385, in execute_sql
    sql, params = self.as_sql()
  File "/home/vlopez/Documents/Desarrollo/agenda/entorno/lib/python3.9/site-packages/django/db/models/sql/compiler.py", line 593, in as_sql
    extra_select, order_by, group_by = self.pre_sql_setup()
  File "/home/vlopez/Documents/Desarrollo/agenda/entorno/lib/python3.9/site-packages/django/db/models/sql/compiler.py", line 71, in pre_sql_setup
    self.setup_query()
  File "/home/vlopez/Documents/Desarrollo/agenda/entorno/lib/python3.9/site-packages/django/db/models/sql/compiler.py", line 62, in setup_query
    self.select, self.klass_info, self.annotation_col_map = self.get_select()
  File "/home/vlopez/Documents/Desarrollo/agenda/entorno/lib/python3.9/site-packages/django/db/models/sql/compiler.py", line 278, in get_select
    related_klass_infos = self.get_related_selections(select)
  File "/home/vlopez/Documents/Desarrollo/agenda/entorno/lib/python3.9/site-packages/django/db/models/sql/compiler.py", line 1050, in get_related_selections
    raise FieldError(
django.core.exceptions.FieldError: Non-relational field given in select_related: 'id'. Choices are: (none)
2023-09-08 17:06:19 [ERROR] django.server "GET /listarsalas/ HTTP/1.1" 500 219033
